Traceback (most recent call last):
  File "./Projects/CDP/main.py", line 59, in <module>
    main(args)
  File "./Projects/CDP/main.py", line 40, in main
    workspace.run()
  File "/home/s222126776/Projects/CDP/workspaces/oracle_cdp.py", line 308, in run
    self.agent, self.env, self.logger, self.discriminator.codebook_size, 
NameError: name 'a' is not defined
srun: error: 4gpu-08: task 0: Exited with exit code 1
Traceback (most recent call last):
  File "./Projects/CDP/main.py", line 59, in <module>
    main(args)
  File "./Projects/CDP/main.py", line 40, in main
    workspace.run()
  File "/home/s222126776/Projects/CDP/workspaces/oracle_cdp.py", line 308, in run
    self.agent, self.env, self.logger, self.discriminator.codebook_size, 
NameError: name 'a' is not defined
srun: error: 4gpu-08: task 0: Exited with exit code 1
Traceback (most recent call last):
  File "./Projects/CDP/main.py", line 59, in <module>
    main(args)
  File "./Projects/CDP/main.py", line 40, in main
    workspace.run()
  File "/home/s222126776/Projects/CDP/workspaces/oracle_cdp.py", line 308, in run
    self.agent, self.env, self.logger, self.discriminator.codebook_size, 
NameError: name 'a' is not defined
srun: error: 4gpu-08: task 0: Exited with exit code 1
Traceback (most recent call last):
  File "./Projects/CDP/main.py", line 59, in <module>
    main(args)
  File "./Projects/CDP/main.py", line 40, in main
    workspace.run()
  File "/home/s222126776/Projects/CDP/workspaces/oracle_cdp.py", line 308, in run
    self.agent, self.env, self.logger, self.discriminator.codebook_size, 
NameError: name 'a' is not defined
srun: error: 4gpu-08: task 0: Exited with exit code 1
Traceback (most recent call last):
  File "./Projects/CDP/main.py", line 59, in <module>
    main(args)
  File "./Projects/CDP/main.py", line 40, in main
    workspace.run()
  File "/home/s222126776/Projects/CDP/workspaces/oracle_cdp.py", line 308, in run
    self.agent, self.env, self.logger, self.discriminator.codebook_size, 
NameError: name 'a' is not defined
srun: error: 4gpu-08: task 0: Exited with exit code 1
Traceback (most recent call last):
  File "./Projects/CDP/main.py", line 59, in <module>
    main(args)
  File "./Projects/CDP/main.py", line 40, in main
    workspace.run()
  File "/home/s222126776/Projects/CDP/workspaces/oracle_cdp.py", line 308, in run
    self.agent, self.env, self.logger, self.discriminator.codebook_size, 
NameError: name 'a' is not defined
srun: error: 4gpu-08: task 0: Exited with exit code 1
Traceback (most recent call last):
  File "./Projects/CDP/main.py", line 59, in <module>
    main(args)
  File "./Projects/CDP/main.py", line 40, in main
    workspace.run()
  File "/home/s222126776/Projects/CDP/workspaces/oracle_cdp.py", line 308, in run
    self.agent, self.env, self.logger, self.discriminator.codebook_size, 
NameError: name 'a' is not defined
srun: error: 4gpu-08: task 0: Exited with exit code 1
Traceback (most recent call last):
  File "./Projects/CDP/main.py", line 59, in <module>
    main(args)
  File "./Projects/CDP/main.py", line 40, in main
    workspace.run()
  File "/home/s222126776/Projects/CDP/workspaces/oracle_cdp.py", line 308, in run
    self.agent, self.env, self.logger, self.discriminator.codebook_size, 
NameError: name 'a' is not defined
srun: error: 4gpu-08: task 0: Exited with exit code 1
Traceback (most recent call last):
  File "./Projects/CDP/main.py", line 59, in <module>
    main(args)
  File "./Projects/CDP/main.py", line 40, in main
    workspace.run()
  File "/home/s222126776/Projects/CDP/workspaces/oracle_cdp.py", line 310, in run
    print(a)
NameError: name 'a' is not defined
srun: error: 4gpu-08: task 0: Exited with exit code 1
Traceback (most recent call last):
  File "./Projects/CDP/main.py", line 59, in <module>
    main(args)
  File "./Projects/CDP/main.py", line 40, in main
    workspace.run()
  File "/home/s222126776/Projects/CDP/workspaces/oracle_cdp.py", line 310, in run
    print(a)
NameError: name 'a' is not defined
srun: error: 4gpu-08: task 0: Exited with exit code 1
Traceback (most recent call last):
  File "./Projects/CDP/main.py", line 59, in <module>
    main(args)
  File "./Projects/CDP/main.py", line 40, in main
    workspace.run()
  File "/home/s222126776/Projects/CDP/workspaces/oracle_cdp.py", line 310, in run
    print(a)
NameError: name 'a' is not defined
srun: error: 4gpu-08: task 0: Exited with exit code 1
Traceback (most recent call last):
  File "./Projects/CDP/main.py", line 59, in <module>
    main(args)
  File "./Projects/CDP/main.py", line 40, in main
    workspace.run()
  File "/home/s222126776/Projects/CDP/workspaces/oracle_cdp.py", line 310, in run
    print(a)
NameError: name 'a' is not defined
srun: error: 4gpu-08: task 0: Exited with exit code 1
Traceback (most recent call last):
  File "./Projects/CDP/main.py", line 59, in <module>
    main(args)
  File "./Projects/CDP/main.py", line 40, in main
    workspace.run()
  File "/home/s222126776/Projects/CDP/workspaces/oracle_cdp.py", line 310, in run
    print(a)
NameError: name 'a' is not defined
srun: error: 4gpu-08: task 0: Exited with exit code 1
Traceback (most recent call last):
  File "./Projects/CDP/main.py", line 59, in <module>
    main(args)
  File "./Projects/CDP/main.py", line 40, in main
    workspace.run()
  File "/home/s222126776/Projects/CDP/workspaces/oracle_cdp.py", line 310, in run
    print(a)
NameError: name 'a' is not defined
srun: error: 4gpu-08: task 0: Exited with exit code 1
Traceback (most recent call last):
  File "./Projects/CDP/main.py", line 59, in <module>
    main(args)
  File "./Projects/CDP/main.py", line 40, in main
    workspace.run()
  File "/home/s222126776/Projects/CDP/workspaces/oracle_cdp.py", line 310, in run
    print(a)
NameError: name 'a' is not defined
srun: error: 4gpu-08: task 0: Exited with exit code 1
Traceback (most recent call last):
  File "./Projects/CDP/main.py", line 59, in <module>
    main(args)
  File "./Projects/CDP/main.py", line 40, in main
    workspace.run()
  File "/home/s222126776/Projects/CDP/workspaces/oracle_cdp.py", line 310, in run
    print(a)
NameError: name 'a' is not defined
srun: error: 4gpu-08: task 0: Exited with exit code 1
