Traceback (most recent call last):
  File "./Projects/CDP/main.py", line 59, in <module>
    main(args)
  File "./Projects/CDP/main.py", line 42, in main
    workspace.evaluate()
  File "/home/s222126776/Projects/CDP/workspaces/cdp.py", line 520, in evaluate
    plot_skill_pos_ant(self.agent, self.env, self.logger, self.discriminator.codebook_size,  self.training_cfg['Learning'], self.discriminator, self.device, timestep=-100,infop='pos')
  File "/home/s222126776/Projects/CDP/utils/oracles.py", line 323, in plot_skill_pos_ant
    print(a)
NameError: name 'a' is not defined
Traceback (most recent call last):
  File "./Projects/CDP/main.py", line 59, in <module>
    main(args)
  File "./Projects/CDP/main.py", line 42, in main
    workspace.evaluate()
  File "/home/s222126776/Projects/CDP/workspaces/cdp.py", line 520, in evaluate
    plot_skill_pos_ant(self.agent, self.env, self.logger, self.discriminator.codebook_size,  self.training_cfg['Learning'], self.discriminator, self.device, timestep=-100,infop='pos')
  File "/home/s222126776/Projects/CDP/utils/oracles.py", line 323, in plot_skill_pos_ant
    print(a)
NameError: name 'a' is not defined
Traceback (most recent call last):
  File "./Projects/CDP/main.py", line 59, in <module>
Traceback (most recent call last):
  File "./Projects/CDP/main.py", line 59, in <module>
    main(args)
  File "./Projects/CDP/main.py", line 42, in main
    workspace.evaluate()
  File "/home/s222126776/Projects/CDP/workspaces/cdp.py", line 520, in evaluate
Traceback (most recent call last):
    plot_skill_pos_ant(self.agent, self.env, self.logger, self.discriminator.codebook_size,  self.training_cfg['Learning'], self.discriminator, self.device, timestep=-100,infop='pos')
  File "./Projects/CDP/main.py", line 59, in <module>
  File "/home/s222126776/Projects/CDP/utils/oracles.py", line 323, in plot_skill_pos_ant
    main(args)
Traceback (most recent call last):
  File "./Projects/CDP/main.py", line 42, in main
  File "./Projects/CDP/main.py", line 59, in <module>
    main(args)
    print(a)
  File "./Projects/CDP/main.py", line 42, in main
NameError: name 'a' is not defined
    workspace.evaluate()
    main(args)
  File "/home/s222126776/Projects/CDP/workspaces/cdp.py", line 520, in evaluate
  File "./Projects/CDP/main.py", line 42, in main
    workspace.evaluate()
  File "/home/s222126776/Projects/CDP/workspaces/cdp.py", line 520, in evaluate
    plot_skill_pos_ant(self.agent, self.env, self.logger, self.discriminator.codebook_size,  self.training_cfg['Learning'], self.discriminator, self.device, timestep=-100,infop='pos')
  File "/home/s222126776/Projects/CDP/utils/oracles.py", line 323, in plot_skill_pos_ant
    print(a)
NameError: name 'a' is not defined
    workspace.evaluate()
  File "/home/s222126776/Projects/CDP/workspaces/cdp.py", line 520, in evaluate
    plot_skill_pos_ant(self.agent, self.env, self.logger, self.discriminator.codebook_size,  self.training_cfg['Learning'], self.discriminator, self.device, timestep=-100,infop='pos')
    plot_skill_pos_ant(self.agent, self.env, self.logger, self.discriminator.codebook_size,  self.training_cfg['Learning'], self.discriminator, self.device, timestep=-100,infop='pos')
  File "/home/s222126776/Projects/CDP/utils/oracles.py", line 323, in plot_skill_pos_ant
srun: error: 4gpu-02: task 0: Exited with exit code 1
  File "/home/s222126776/Projects/CDP/utils/oracles.py", line 323, in plot_skill_pos_ant
    print(a)
    print(a)
NameError: name 'a' is not defined
NameError: name 'a' is not defined
Traceback (most recent call last):
  File "./Projects/CDP/main.py", line 59, in <module>
    main(args)
  File "./Projects/CDP/main.py", line 42, in main
    workspace.evaluate()
  File "/home/s222126776/Projects/CDP/workspaces/cdp.py", line 520, in evaluate
    plot_skill_pos_ant(self.agent, self.env, self.logger, self.discriminator.codebook_size,  self.training_cfg['Learning'], self.discriminator, self.device, timestep=-100,infop='pos')
  File "/home/s222126776/Projects/CDP/utils/oracles.py", line 323, in plot_skill_pos_ant
    print(a)
jects/CDP/main.py", line 42, in main
NameError: name 'a' is not defined
  File "/home/s222126776/Projects/CDP/workspaces/cdp.py", line 520, in evaluate
    plot_skill_pos_ant(self.agent, self.env, self.logger, self.discriminator.codebook_size,  self.training_cfg['Learning'], self.discriminator, self.device, timestep=-100,infop='pos')
  File "/home/s222126776/Projects/CDP/utils/oracles.py", line 323, in plot_skill_pos_ant
    print(a)
NameError: name 'a' is not defined
srun: error: 4gpu-01: task 0: Exited with exit code 1
Traceback (most recent call last):
  File "./Projects/CDP/main.py", line 59, in <module>
    main(args)
  File "./Projects/CDP/main.py", line 42, in main
    workspace.evaluate()
  File "/home/s222126776/Projects/CDP/workspaces/cdp.py", line 520, in evaluate
    plot_skill_pos_ant(self.agent, self.env, self.logger, self.discriminator.codebook_size,  self.training_cfg['Learning'], self.discriminator, self.device, timestep=-100,infop='pos')
Traceback (most recent call last):
DP/utils/oracles.py", line 323, in plot_skill_pos_ant
  File "./Projects/CDP/main.py", line 59, in <module>
    main(args)
 'a' is not defined
  File "./Projects/CDP/main.py", line 42, in main
    workspace.evaluate()
  File "/home/s222126776/Projects/CDP/workspaces/cdp.py", line 520, in evaluate
    plot_skill_pos_ant(self.agent, self.env, self.logger, self.discriminator.codebook_size,  self.training_cfg['Learning'], self.discriminator, self.device, timestep=-100,infop='pos')
  File "/home/s222126776/Projects/CDP/utils/oracles.py", line 323, in plot_skill_pos_ant
    print(a)
NameError: name 'a' is not defined
Traceback (most recent call last):
  File "./Projects/CDP/main.py", line 59, in <module>
    main(args)
  File "./Projects/CDP/main.py", line 42, in main
    workspace.evaluate()
  File "/home/s222126776/Projects/CDP/workspaces/cdp.py", line 520, in evaluate
    plot_skill_pos_ant(self.agent, self.env, self.logger, self.discriminator.codebook_size,  self.training_cfg['Learning'], self.discriminator, self.device, timestep=-100,infop='pos')
  File "/home/s222126776/Projects/CDP/utils/oracles.py", line 323, in plot_skill_pos_ant
    print(a)
NameError: name 'a' is not defined
Traceback (most recent call last):
  File "./Projects/CDP/main.py", line 59, in <module>
    main(args)
  File "./Projects/CDP/main.py", line 42, in main
    workspace.evaluate()
  File "/home/s222126776/Projects/CDP/workspaces/cdp.py", line 520, in evaluate
    plot_skill_pos_ant(self.agent, self.env, self.logger, self.discriminator.codebook_size,  self.training_cfg['Learning'], self.discriminator, self.device, timestep=-100,infop='pos')
  File "/home/s222126776/Projects/CDP/utils/oracles.py", line 323, in plot_skill_pos_ant
    print(a)
NameError: name 'a' is not defined
Traceback (most recent call last):
  File "./Projects/CDP/main.py", line 59, in <module>
    main(args)
  File "./Projects/CDP/main.py", line 42, in main
    workspace.evaluate()
  File "/home/s222126776/Projects/CDP/workspaces/cdp.py", line 520, in evaluate
    plot_skill_pos_ant(self.agent, self.env, self.logger, self.discriminator.codebook_size,  self.training_cfg['Learning'], self.discriminator, self.device, timestep=-100,infop='pos')
  File "/home/s222126776/Projects/CDP/utils/oracles.py", line 323, in plot_skill_pos_ant
    print(a)
NameError: name 'a' is not defined
Traceback (most recent call last):
  File "./Projects/CDP/main.py", line 59, in <module>
    main(args)
  File "./Projects/CDP/main.py", line 42, in main
    workspace.evaluate()
  File "/home/s222126776/Projects/CDP/workspaces/cdp.py", line 520, in evaluate
    plot_skill_pos_ant(self.agent, self.env, self.logger, self.discriminator.codebook_size,  self.training_cfg['Learning'], self.discriminator, self.device, timestep=-100,infop='pos')
  File "/home/s222126776/Projects/CDP/utils/oracles.py", line 323, in plot_skill_pos_ant
    print(a)
NameError: name 'a' is not defined
Traceback (most recent call last):
  File "./Projects/CDP/main.py", line 59, in <module>
    main(args)
  File "./Projects/CDP/main.py", line 42, in main
    workspace.evaluate()
  File "/home/s222126776/Projects/CDP/workspaces/cdp.py", line 520, in evaluate
    plot_skill_pos_ant(self.agent, self.env, self.logger, self.discriminator.codebook_size,  self.training_cfg['Learning'], self.discriminator, self.device, timestep=-100,infop='pos')
  File "/home/s222126776/Projects/CDP/utils/oracles.py", line 323, in plot_skill_pos_ant
    print(a)
NameError: name 'a' is not defined
srun: error: 4gpu-01: task 0: Exited with exit code 1
Traceback (most recent call last):
  File "./Projects/CDP/main.py", line 59, in <module>
    main(args)
  File "./Projects/CDP/main.py", line 42, in main
    workspace.evaluate()
  File "/home/s222126776/Projects/CDP/workspaces/cdp.py", line 520, in evaluate
    plot_skill_pos_ant(self.agent, self.env, self.logger, self.discriminator.codebook_size,  self.training_cfg['Learning'], self.discriminator, self.device, timestep=-100,infop='pos')
  File "/home/s222126776/Projects/CDP/utils/oracles.py", line 323, in plot_skill_pos_ant
    print(a)
NameError: name 'a' is not defined
Traceback (most recent call last):
  File "./Projects/CDP/main.py", line 59, in <module>
    main(args)
  File "./Projects/CDP/main.py", line 42, in main
    workspace.evaluate()
  File "/home/s222126776/Projects/CDP/workspaces/cdp.py", line 520, in evaluate
    plot_skill_pos_ant(self.agent, self.env, self.logger, self.discriminator.codebook_size,  self.training_cfg['Learning'], self.discriminator, self.device, timestep=-100,infop='pos')
  File "/home/s222126776/Projects/CDP/utils/oracles.py", line 323, in plot_skill_pos_ant
    print(a)
NameError: name 'a' is not defined
Traceback (most recent call last):
  File "./Projects/CDP/main.py", line 59, in <module>
    main(args)
  File "./Projects/CDP/main.py", line 42, in main
    workspace.evaluate()
  File "/home/s222126776/Projects/CDP/workspaces/cdp.py", line 520, in evaluate
    plot_skill_pos_ant(self.agent, self.env, self.logger, self.discriminator.codebook_size,  self.training_cfg['Learning'], self.discriminator, self.device, timestep=-100,infop='pos')
  File "/home/s222126776/Projects/CDP/utils/oracles.py", line 323, in plot_skill_pos_ant
    print(a)
NameError: name 'a' is not defined
Traceback (most recent call last):
  File "./Projects/CDP/main.py", line 59, in <module>
    main(args)
  File "./Projects/CDP/main.py", line 42, in main
    workspace.evaluate()
  File "/home/s222126776/Projects/CDP/workspaces/cdp.py", line 520, in evaluate
    plot_skill_pos_ant(self.agent, self.env, self.logger, self.discriminator.codebook_size,  self.training_cfg['Learning'], self.discriminator, self.device, timestep=-100,infop='pos')
  File "/home/s222126776/Projects/CDP/utils/oracles.py", line 323, in plot_skill_pos_ant
    print(a)
NameError: name 'a' is not defined
Traceback (most recent call last):
  File "./Projects/CDP/main.py", line 59, in <module>
    main(args)
  File "./Projects/CDP/main.py", line 42, in main
    workspace.evaluate()
  File "/home/s222126776/Projects/CDP/workspaces/cdp.py", line 520, in evaluate
    plot_skill_pos_ant(self.agent, self.env, self.logger, self.discriminator.codebook_size,  self.training_cfg['Learning'], self.discriminator, self.device, timestep=-100,infop='pos')
  File "/home/s222126776/Projects/CDP/utils/oracles.py", line 323, in plot_skill_pos_ant
    print(a)
NameError: name 'a' is not defined
Traceback (most recent call last):
  File "./Projects/CDP/main.py", line 59, in <module>
    main(args)
  File "./Projects/CDP/main.py", line 42, in main
    workspace.evaluate()
  File "/home/s222126776/Projects/CDP/workspaces/cdp.py", line 520, in evaluate
    plot_skill_pos_ant(self.agent, self.env, self.logger, self.discriminator.codebook_size,  self.training_cfg['Learning'], self.discriminator, self.device, timestep=-100,infop='pos')
  File "/home/s222126776/Projects/CDP/utils/oracles.py", line 323, in plot_skill_pos_ant
    print(a)
NameError: name 'a' is not defined
srun: error: 4gpu-02: task 0: Exited with exit code 1
srun: error: 4gpu-01: task 0: Exited with exit code 1
srun: error: 4gpu-01: task 0: Exited with exit code 1
srun: error: 4gpu-01: task 0: Exited with exit code 1
Traceback (most recent call last):
  File "./Projects/CDP/main.py", line 59, in <module>
    main(args)
  File "./Projects/CDP/main.py", line 42, in main
    workspace.evaluate()
  File "/home/s222126776/Projects/CDP/workspaces/cdp.py", line 520, in evaluate
    plot_skill_pos_ant(self.agent, self.env, self.logger, self.discriminator.codebook_size,  self.training_cfg['Learning'], self.discriminator, self.device, timestep=-100,infop='pos')
  File "/home/s222126776/Projects/CDP/utils/oracles.py", line 323, in plot_skill_pos_ant
    print(a)
NameError: name 'a' is not defined
Traceback (most recent call last):
  File "./Projects/CDP/main.py", line 59, in <module>
    main(args)
  File "./Projects/CDP/main.py", line 42, in main
    workspace.evaluate()
  File "/home/s222126776/Projects/CDP/workspaces/cdp.py", line 520, in evaluate
    plot_skill_pos_ant(self.agent, self.env, self.logger, self.discriminator.codebook_size,  self.training_cfg['Learning'], self.discriminator, self.device, timestep=-100,infop='pos')
  File "/home/s222126776/Projects/CDP/utils/oracles.py", line 323, in plot_skill_pos_ant
    print(a)
NameError: name 'a' is not defined
Traceback (most recent call last):
  File "./Projects/CDP/main.py", line 59, in <module>
    main(args)
  File "./Projects/CDP/main.py", line 42, in main
    workspace.evaluate()
  File "/home/s222126776/Projects/CDP/workspaces/cdp.py", line 520, in evaluate
    plot_skill_pos_ant(self.agent, self.env, self.logger, self.discriminator.codebook_size,  self.training_cfg['Learning'], self.discriminator, self.device, timestep=-100,infop='pos')
  File "/home/s222126776/Projects/CDP/utils/oracles.py", line 323, in plot_skill_pos_ant
    print(a)
NameError: name 'a' is not defined
srun: error: 4gpu-02: task 0: Exited with exit code 1
srun: error: 4gpu-02: task 0: Exited with exit code 1
srun: error: 4gpu-01: task 0: Exited with exit code 1
Traceback (most recent call last):
  File "./Projects/CDP/main.py", line 59, in <module>
    main(args)
  File "./Projects/CDP/main.py", line 42, in main
    workspace.evaluate()
  File "/home/s222126776/Projects/CDP/workspaces/cdp.py", line 520, in evaluate
    plot_skill_pos_ant(self.agent, self.env, self.logger, self.discriminator.codebook_size,  self.training_cfg['Learning'], self.discriminator, self.device, timestep=-100,infop='pos')
  File "/home/s222126776/Projects/CDP/utils/oracles.py", line 323, in plot_skill_pos_ant
    print(a)
NameError: name 'a' is not defined
Traceback (most recent call last):
  File "./Projects/CDP/main.py", line 59, in <module>
    main(args)
  File "./Projects/CDP/main.py", line 42, in main
    workspace.evaluate()
  File "/home/s222126776/Projects/CDP/workspaces/cdp.py", line 520, in evaluate
    plot_skill_pos_ant(self.agent, self.env, self.logger, self.discriminator.codebook_size,  self.training_cfg['Learning'], self.discriminator, self.device, timestep=-100,infop='pos')
  File "/home/s222126776/Projects/CDP/utils/oracles.py", line 323, in plot_skill_pos_ant
    print(a)
NameError: name 'a' is not defined
srun: error: 4gpu-02: task 0: Exited with exit code 1
Traceback (most recent call last):
  File "./Projects/CDP/main.py", line 59, in <module>
    main(args)
  File "./Projects/CDP/main.py", line 42, in main
    workspace.evaluate()
  File "/home/s222126776/Projects/CDP/workspaces/cdp.py", line 520, in evaluate
    plot_skill_pos_ant(self.agent, self.env, self.logger, self.discriminator.codebook_size,  self.training_cfg['Learning'], self.discriminator, self.device, timestep=-100,infop='pos')
  File "/home/s222126776/Projects/CDP/utils/oracles.py", line 323, in plot_skill_pos_ant
    print(a)
NameError: name 'a' is not defined
Traceback (most recent call last):
  File "./Projects/CDP/main.py", line 59, in <module>
    main(args)
  File "./Projects/CDP/main.py", line 42, in main
    workspace.evaluate()
  File "/home/s222126776/Projects/CDP/workspaces/cdp.py", line 520, in evaluate
    plot_skill_pos_ant(self.agent, self.env, self.logger, self.discriminator.codebook_size,  self.training_cfg['Learning'], self.discriminator, self.device, timestep=-100,infop='pos')
  File "/home/s222126776/Projects/CDP/utils/oracles.py", line 323, in plot_skill_pos_ant
    print(a)
NameError: name 'a' is not defined
Traceback (most recent call last):
  File "./Projects/CDP/main.py", line 59, in <module>
    main(args)
  File "./Projects/CDP/main.py", line 42, in main
    workspace.evaluate()
  File "/home/s222126776/Projects/CDP/workspaces/cdp.py", line 520, in evaluate
    plot_skill_pos_ant(self.agent, self.env, self.logger, self.discriminator.codebook_size,  self.training_cfg['Learning'], self.discriminator, self.device, timestep=-100,infop='pos')
  File "/home/s222126776/Projects/CDP/utils/oracles.py", line 323, in plot_skill_pos_ant
    print(a)
NameError: name 'a' is not defined
srun: error: 4gpu-02: task 0: Exited with exit code 1
Traceback (most recent call last):
  File "./Projects/CDP/main.py", line 59, in <module>
    main(args)
  File "./Projects/CDP/main.py", line 42, in main
    workspace.evaluate()
  File "/home/s222126776/Projects/CDP/workspaces/cdp.py", line 520, in evaluate
    plot_skill_pos_ant(self.agent, self.env, self.logger, self.discriminator.codebook_size,  self.training_cfg['Learning'], self.discriminator, self.device, timestep=-100,infop='pos')
  File "/home/s222126776/Projects/CDP/utils/oracles.py", line 323, in plot_skill_pos_ant
    print(a)
NameError: name 'a' is not defined
Traceback (most recent call last):
  File "./Projects/CDP/main.py", line 59, in <module>
    main(args)
  File "./Projects/CDP/main.py", line 42, in main
    workspace.evaluate()
  File "/home/s222126776/Projects/CDP/workspaces/cdp.py", line 520, in evaluate
    plot_skill_pos_ant(self.agent, self.env, self.logger, self.discriminator.codebook_size,  self.training_cfg['Learning'], self.discriminator, self.device, timestep=-100,infop='pos')
  File "/home/s222126776/Projects/CDP/utils/oracles.py", line 323, in plot_skill_pos_ant
    print(a)
NameError: name 'a' is not defined
Traceback (most recent call last):
  File "./Projects/CDP/main.py", line 59, in <module>
    main(args)
  File "./Projects/CDP/main.py", line 42, in main
    workspace.evaluate()
  File "/home/s222126776/Projects/CDP/workspaces/cdp.py", line 520, in evaluate
    plot_skill_pos_ant(self.agent, self.env, self.logger, self.discriminator.codebook_size,  self.training_cfg['Learning'], self.discriminator, self.device, timestep=-100,infop='pos')
  File "/home/s222126776/Projects/CDP/utils/oracles.py", line 323, in plot_skill_pos_ant
    print(a)
NameError: name 'a' is not defined
srun: error: 4gpu-01: task 0: Exited with exit code 1
Traceback (most recent call last):
  File "./Projects/CDP/main.py", line 59, in <module>
    main(args)
  File "./Projects/CDP/main.py", line 42, in main
    workspace.evaluate()
  File "/home/s222126776/Projects/CDP/workspaces/cdp.py", line 520, in evaluate
    plot_skill_pos_ant(self.agent, self.env, self.logger, self.discriminator.codebook_size,  self.training_cfg['Learning'], self.discriminator, self.device, timestep=-100,infop='pos')
  File "/home/s222126776/Projects/CDP/utils/oracles.py", line 323, in plot_skill_pos_ant
    print(a)
NameError: name 'a' is not defined
Traceback (most recent call last):
  File "./Projects/CDP/main.py", line 59, in <module>
Traceback (most recent call last):
  File "./Projects/CDP/main.py", line 59, in <module>
    main(args)
  File "./Projects/CDP/main.py", line 42, in main
    main(args)
  File "./Projects/CDP/main.py", line 42, in main
    workspace.evaluate()
  File "/home/s222126776/Projects/CDP/workspaces/cdp.py", line 520, in evaluate
    workspace.evaluate()
  File "/home/s222126776/Projects/CDP/workspaces/cdp.py", line 520, in evaluate
    plot_skill_pos_ant(self.agent, self.env, self.logger, self.discriminator.codebook_size,  self.training_cfg['Learning'], self.discriminator, self.device, timestep=-100,infop='pos')
  File "/home/s222126776/Projects/CDP/utils/oracles.py", line 323, in plot_skill_pos_ant
    plot_skill_pos_ant(self.agent, self.env, self.logger, self.discriminator.codebook_size,  self.training_cfg['Learning'], self.discriminator, self.device, timestep=-100,infop='pos')
  File "/home/s222126776/Projects/CDP/utils/oracles.py", line 323, in plot_skill_pos_ant
    print(a)
NameError: name 'a' is not defined
    print(a)
NameError: name 'a' is not defined
Traceback (most recent call last):
  File "./Projects/CDP/main.py", line 59, in <module>
    main(args)
  File "./Projects/CDP/main.py", line 42, in main
    workspace.evaluate()
  File "/home/s222126776/Projects/CDP/workspaces/cdp.py", line 520, in evaluate
    plot_skill_pos_ant(self.agent, self.env, self.logger, self.discriminator.codebook_size,  self.training_cfg['Learning'], self.discriminator, self.device, timestep=-100,infop='pos')
  File "/home/s222126776/Projects/CDP/utils/oracles.py", line 323, in plot_skill_pos_ant
    print(a)
NameError: name 'a' is not defined
srun: error: 4gpu-01: task 0: Exited with exit code 1
Traceback (most recent call last):
  File "./Projects/CDP/main.py", line 59, in <module>
    main(args)
  File "./Projects/CDP/main.py", line 42, in main
    workspace.evaluate()
  File "/home/s222126776/Projects/CDP/workspaces/cdp.py", line 520, in evaluate
    plot_skill_pos_ant(self.agent, self.env, self.logger, self.discriminator.codebook_size,  self.training_cfg['Learning'], self.discriminator, self.device, timestep=-100,infop='pos')
Traceback (most recent call last):
  File "./Projects/CDP/main.py", line 59, in <module>
    main(args)
222126776/Projects/CDP/utils/oracles.py", line 323, in plot_skill_pos_ant
    print(a)
    main(args)
cts/CDP/main.py", line 42, in main
  File "./Projects/CDP/main.py", line 42, in main
  File "/home/s222126776/Projects/CDP/workspaces/cdp.py", line 520, in evaluate
    workspace.evaluate()
lf.agent, self.env, self.logger, self.discriminator.codebook_size,  self.training_cfg['Learning'], self.discriminator, self.device, timestep=-100,infop='pos')
  File "/home/s222126776/Projects/CDP/workspaces/cdp.py", line 520, in evaluate
_pos_ant
    plot_skill_pos_ant(self.agent, self.env, self.logger, self.discriminator.codebook_size,  self.training_cfg['Learning'], self.discriminator, self.device, timestep=-100,infop='pos')
  File "/home/s222126776/Projects/CDP/utils/oracles.py", line 323, in plot_skill_pos_ant
    print(a)
NameError: name 'a' is not defined
Traceback (most recent call last):
  File "./Projects/CDP/main.py", line 59, in <module>
    main(args)
  File "./Projects/CDP/main.py", line 42, in main
    workspace.evaluate()
  File "/home/s222126776/Projects/CDP/workspaces/cdp.py", line 520, in evaluate
    plot_skill_pos_ant(self.agent, self.env, self.logger, self.discriminator.codebook_size,  self.training_cfg['Learning'], self.discriminator, self.device, timestep=-100,infop='pos')
  File "/home/s222126776/Projects/CDP/utils/oracles.py", line 323, in plot_skill_pos_ant
    print(a)
NameError: name 'a' is not defined
Traceback (most recent call last):
  File "./Projects/CDP/main.py", line 59, in <module>
    main(args)
  File "./Projects/CDP/main.py", line 42, in main
    workspace.evaluate()
  File "/home/s222126776/Projects/CDP/workspaces/cdp.py", line 520, in evaluate
    plot_skill_pos_ant(self.agent, self.env, self.logger, self.discriminator.codebook_size,  self.training_cfg['Learning'], self.discriminator, self.device, timestep=-100,infop='pos')
  File "/home/s222126776/Projects/CDP/utils/oracles.py", line 323, in plot_skill_pos_ant
    print(a)
NameError: name 'a' is not defined
srun: error: 4gpu-02: task 0: Exited with exit code 1
Traceback (most recent call last):
  File "./Projects/CDP/main.py", line 59, in <module>
    main(args)
  File "./Projects/CDP/main.py", line 42, in main
    workspace.evaluate()
  File "/home/s222126776/Projects/CDP/workspaces/cdp.py", line 520, in evaluate
    plot_skill_pos_ant(self.agent, self.env, self.logger, self.discriminator.codebook_size,  self.training_cfg['Learning'], self.discriminator, self.device, timestep=-100,infop='pos')
  File "/home/s222126776/Projects/CDP/utils/oracles.py", line 323, in plot_skill_pos_ant
    print(a)
NameError: name 'a' is not defined
Traceback (most recent call last):
  File "./Projects/CDP/main.py", line 59, in <module>
    main(args)
  File "./Projects/CDP/main.py", line 42, in main
    workspace.evaluate()
  File "/home/s222126776/Projects/CDP/workspaces/cdp.py", line 520, in evaluate
    plot_skill_pos_ant(self.agent, self.env, self.logger, self.discriminator.codebook_size,  self.training_cfg['Learning'], self.discriminator, self.device, timestep=-100,infop='pos')
  File "/home/s222126776/Projects/CDP/utils/oracles.py", line 323, in plot_skill_pos_ant
    print(a)
NameError: name 'a' is not defined
srun: error: 4gpu-02: task 0: Exited with exit code 1
srun: error: 4gpu-02: task 0: Exited with exit code 1
srun: error: 4gpu-02: task 0: Exited with exit code 1
Traceback (most recent call last):
  File "./Projects/CDP/main.py", line 59, in <module>
    main(args)
  File "./Projects/CDP/main.py", line 42, in main
    workspace.evaluate()
  File "/home/s222126776/Projects/CDP/workspaces/cdp.py", line 520, in evaluate
    plot_skill_pos_ant(self.agent, self.env, self.logger, self.discriminator.codebook_size,  self.training_cfg['Learning'], self.discriminator, self.device, timestep=-100,infop='pos')
  File "/home/s222126776/Projects/CDP/utils/oracles.py", line 323, in plot_skill_pos_ant
    print(a)
NameError: name 'a' is not defined
Traceback (most recent call last):
  File "./Projects/CDP/main.py", line 59, in <module>
    main(args)
  File "./Projects/CDP/main.py", line 42, in main
    workspace.evaluate()
  File "/home/s222126776/Projects/CDP/workspaces/cdp.py", line 520, in evaluate
    plot_skill_pos_ant(self.agent, self.env, self.logger, self.discriminator.codebook_size,  self.training_cfg['Learning'], self.discriminator, self.device, timestep=-100,infop='pos')
  File "/home/s222126776/Projects/CDP/utils/oracles.py", line 323, in plot_skill_pos_ant
    print(a)
NameError: name 'a' is not defined
srun: error: 4gpu-01: task 0: Exited with exit code 1
srun: error: 4gpu-01: task 0: Exited with exit code 1
srun: error: 4gpu-01: task 0: Exited with exit code 1
Traceback (most recent call last):
  File "./Projects/CDP/main.py", line 59, in <module>
    main(args)
  File "./Projects/CDP/main.py", line 42, in main
    workspace.evaluate()
  File "/home/s222126776/Projects/CDP/workspaces/cdp.py", line 520, in evaluate
    plot_skill_pos_ant(self.agent, self.env, self.logger, self.discriminator.codebook_size,  self.training_cfg['Learning'], self.discriminator, self.device, timestep=-100,infop='pos')
  File "/home/s222126776/Projects/CDP/utils/oracles.py", line 323, in plot_skill_pos_ant
    print(a)
NameError: name 'a' is not defined
Traceback (most recent call last):
  File "./Projects/CDP/main.py", line 59, in <module>
    main(args)
  File "./Projects/CDP/main.py", line 42, in main
    workspace.evaluate()
  File "/home/s222126776/Projects/CDP/workspaces/cdp.py", line 520, in evaluate
    plot_skill_pos_ant(self.agent, self.env, self.logger, self.discriminator.codebook_size,  self.training_cfg['Learning'], self.discriminator, self.device, timestep=-100,infop='pos')
  File "/home/s222126776/Projects/CDP/utils/oracles.py", line 323, in plot_skill_pos_ant
    print(a)
NameError: name 'a' is not defined
Traceback (most recent call last):
  File "./Projects/CDP/main.py", line 59, in <module>
    main(args)
  File "./Projects/CDP/main.py", line 42, in main
    workspace.evaluate()
  File "/home/s222126776/Projects/CDP/workspaces/cdp.py", line 520, in evaluate
    plot_skill_pos_ant(self.agent, self.env, self.logger, self.discriminator.codebook_size,  self.training_cfg['Learning'], self.discriminator, self.device, timestep=-100,infop='pos')
  File "/home/s222126776/Projects/CDP/utils/oracles.py", line 323, in plot_skill_pos_ant
    print(a)
NameError: name 'a' is not defined
Traceback (most recent call last):
  File "./Projects/CDP/main.py", line 59, in <module>
    main(args)
  File "./Projects/CDP/main.py", line 42, in main
    workspace.evaluate()
  File "/home/s222126776/Projects/CDP/workspaces/cdp.py", line 520, in evaluate
    plot_skill_pos_ant(self.agent, self.env, self.logger, self.discriminator.codebook_size,  self.training_cfg['Learning'], self.discriminator, self.device, timestep=-100,infop='pos')
  File "/home/s222126776/Projects/CDP/utils/oracles.py", line 323, in plot_skill_pos_ant
    print(a)
NameError: name 'a' is not defined
srun: error: 4gpu-02: task 0: Exited with exit code 1
srun: error: 4gpu-02: task 0: Exited with exit code 1
srun: error: 4gpu-02: task 0: Exited with exit code 1
srun: error: 4gpu-02: task 0: Exited with exit code 1
srun: error: 4gpu-01: task 0: Exited with exit code 1
srun: error: 4gpu-01: task 0: Exited with exit code 1
srun: error: 4gpu-01: task 0: Exited with exit code 1
srun: error: 4gpu-01: task 0: Exited with exit code 1
srun: error: 4gpu-01: task 0: Exited with exit code 1
srun: error: 4gpu-02: task 0: Exited with exit code 1
srun: error: 4gpu-02: task 0: Exited with exit code 1
srun: error: 4gpu-02: task 0: Exited with exit code 1
srun: error: 4gpu-02: task 0: Exited with exit code 1
srun: error: 4gpu-01: task 0: Exited with exit code 1
srun: error: 4gpu-01: task 0: Exited with exit code 1
srun: error: 4gpu-01: task 0: Exited with exit code 1
srun: error: 4gpu-01: task 0: Exited with exit code 1
srun: error: 4gpu-02: task 0: Exited with exit code 1
srun: error: 4gpu-02: task 0: Exited with exit code 1
srun: error: 4gpu-02: task 0: Exited with exit code 1
srun: error: 4gpu-02: task 0: Exited with exit code 1
srun: error: 4gpu-02: task 0: Exited with exit code 1
srun: error: 4gpu-02: task 0: Exited with exit code 1
srun: error: 4gpu-02: task 0: Exited with exit code 1
srun: error: 4gpu-02: task 0: Exited with exit code 1
srun: error: 4gpu-02: task 0: Exited with exit code 1
srun: error: 4gpu-02: task 0: Exited with exit code 1
srun: error: 4gpu-02: task 0: Exited with exit code 1
Traceback (most recent call last):
  File "./Projects/CDP/main.py", line 59, in <module>
    main(args)
  File "./Projects/CDP/main.py", line 42, in main
    workspace.evaluate()
  File "/home/s222126776/Projects/CDP/workspaces/cdp.py", line 520, in evaluate
    plot_skill_pos_ant(self.agent, self.env, self.logger, self.discriminator.codebook_size,  self.training_cfg['Learning'], self.discriminator, self.device, timestep=-100,infop='pos')
  File "/home/s222126776/Projects/CDP/utils/oracles.py", line 323, in plot_skill_pos_ant
    print(a)
NameError: name 'a' is not defined
srun: error: 4gpu-02: task 0: Exited with exit code 1
